2023-12-04 09:14:14 error: 500 - Cannot read properties of undefined (reading 'jwt') - /api/v1/auth/signup - POST - ::1
2023-12-04 09:14:14 info: ::1 - - [04/Dec/2023:08:14:14 +0000] "POST /api/v1/auth/signup HTTP/1.1" 500 93 "-" "PostmanRuntime/7.34.0"
2023-12-04 09:42:22 error: 500 - Cannot read properties of undefined (reading 'jwt') - /api/v1/auth/signup - POST - ::1
2023-12-04 09:42:22 info: ::1 - - [04/Dec/2023:08:42:22 +0000] "POST /api/v1/auth/signup HTTP/1.1" 500 93 "-" "PostmanRuntime/7.34.0"
2023-12-04 09:45:01 error: 500 - Cannot read properties of undefined (reading 'jwt') - /api/v1/auth/signup - POST - ::1
2023-12-04 09:45:01 info: ::1 - - [04/Dec/2023:08:45:01 +0000] "POST /api/v1/auth/signup HTTP/1.1" 500 93 "-" "PostmanRuntime/7.34.0"
2023-12-04 09:54:25 error: 401 - You are not logged in! Please login to get access - /api/v1/auth/signup - POST - ::1
2023-12-04 09:54:25 info: ::1 - - [04/Dec/2023:08:54:25 +0000] "POST /api/v1/auth/signup HTTP/1.1" 401 91 "-" "PostmanRuntime/7.34.0"
2023-12-04 10:06:34 error: 500 - Cannot read properties of undefined (reading 'jwt') - /api/v1/auth/signup - POST - ::1
2023-12-04 10:06:34 info: ::1 - - [04/Dec/2023:09:06:34 +0000] "POST /api/v1/auth/signup HTTP/1.1" 500 93 "-" "PostmanRuntime/7.34.0"
2023-12-04 10:06:46 error: 401 - You are not logged in! Please login to get access - /api/v1/auth/signup - POST - ::1
2023-12-04 10:06:46 info: ::1 - - [04/Dec/2023:09:06:46 +0000] "POST /api/v1/auth/signup HTTP/1.1" 401 91 "-" "PostmanRuntime/7.34.0"
2023-12-04 12:46:44 error: 401 - You are not logged in! Please login to get access - /api/v1/auth/signup - POST - ::1
2023-12-04 12:46:44 info: ::1 - - [04/Dec/2023:11:46:44 +0000] "POST /api/v1/auth/signup HTTP/1.1" 401 91 "-" "PostmanRuntime/7.34.0"
2023-12-04 13:59:47 error: 500 - jwt malformed - /api/v1/auth/signup - POST - ::1
2023-12-04 13:59:47 info: ::1 - - [04/Dec/2023:12:59:47 +0000] "POST /api/v1/auth/signup HTTP/1.1" 500 55 "-" "PostmanRuntime/7.34.0"
2023-12-04 14:00:12 error: 401 - You are not logged in! Please login to get access - /api/v1/auth/signup - POST - ::1
2023-12-04 14:00:12 info: ::1 - - [04/Dec/2023:13:00:12 +0000] "POST /api/v1/auth/signup HTTP/1.1" 401 91 "-" "PostmanRuntime/7.34.0"
2023-12-06 08:47:23 error: 500 - invalid signature - /api/v1/auth/signup - POST - ::1
2023-12-06 08:47:23 info: ::1 - - [06/Dec/2023:07:47:23 +0000] "POST /api/v1/auth/signup HTTP/1.1" 500 59 "-" "PostmanRuntime/7.35.0"
2023-12-06 08:58:08 error: 500 - invalid signature - /api/v1/auth/signup - POST - ::1
2023-12-06 08:58:08 info: ::1 - - [06/Dec/2023:07:58:08 +0000] "POST /api/v1/auth/signup HTTP/1.1" 500 59 "-" "PostmanRuntime/7.35.0"
2023-12-06 10:58:22 error: 500 - invalid signature - /api/v1/auth/signup - POST - ::1
2023-12-06 10:58:22 info: ::1 - - [06/Dec/2023:09:58:22 +0000] "POST /api/v1/auth/signup HTTP/1.1" 500 59 "-" "PostmanRuntime/7.35.0"
2023-12-06 16:00:11 error: 500 - invalid signature - /api/v1/auth/signup - POST - ::1
2023-12-06 16:00:11 info: ::1 - - [06/Dec/2023:15:00:11 +0000] "POST /api/v1/auth/signup HTTP/1.1" 500 59 "-" "PostmanRuntime/7.35.0"
2023-12-06 16:00:19 error: 500 - Cannot read properties of undefined (reading 'jwt') - /api/v1/auth/signup - POST - ::1
2023-12-06 16:00:19 info: ::1 - - [06/Dec/2023:15:00:19 +0000] "POST /api/v1/auth/signup HTTP/1.1" 500 93 "-" "PostmanRuntime/7.35.0"
2023-12-06 16:00:31 error: 500 - invalid signature - /api/v1/auth/signup - POST - ::1
2023-12-06 16:00:31 info: ::1 - - [06/Dec/2023:15:00:31 +0000] "POST /api/v1/auth/signup HTTP/1.1" 500 59 "-" "PostmanRuntime/7.35.0"
2023-12-06 16:15:43 error: 500 - req is not defined - /api/v1/auth/signup - POST - ::1
2023-12-06 16:15:43 info: ::1 - - [06/Dec/2023:15:15:43 +0000] "POST /api/v1/auth/signup HTTP/1.1" 500 60 "-" "PostmanRuntime/7.35.0"
2023-12-06 16:17:02 error: 500 - E11000 duplicate key error collection: USERDB.users index: username_1 dup key: { username: "Williams Olabamidele" } - /api/v1/auth/signup - POST - ::1
2023-12-06 16:17:03 info: ::1 - - [06/Dec/2023:15:17:03 +0000] "POST /api/v1/auth/signup HTTP/1.1" 500 159 "-" "PostmanRuntime/7.35.0"
2023-12-06 16:21:05 error: 500 - req is not defined - /api/v1/auth/signup - POST - ::1
2023-12-06 16:21:05 info: ::1 - - [06/Dec/2023:15:21:05 +0000] "POST /api/v1/auth/signup HTTP/1.1" 500 60 "-" "PostmanRuntime/7.35.0"
2023-12-06 16:24:32 error: 500 - req is not defined - /api/v1/auth/signup - POST - ::1
2023-12-06 16:24:33 info: ::1 - - [06/Dec/2023:15:24:33 +0000] "POST /api/v1/auth/signup HTTP/1.1" 500 60 "-" "PostmanRuntime/7.35.0"
2023-12-06 16:28:22 error: 500 - user.correctPassword is not a function - /api/v1/auth//login - POST - ::1
2023-12-06 16:28:22 info: ::1 - - [06/Dec/2023:15:28:22 +0000] "POST /api/v1/auth//login HTTP/1.1" 500 80 "-" "PostmanRuntime/7.35.0"
2023-12-06 16:40:57 error: 500 - req is not defined - /api/v1/auth//login - POST - ::1
2023-12-06 16:40:57 info: ::1 - - [06/Dec/2023:15:40:57 +0000] "POST /api/v1/auth//login HTTP/1.1" 500 60 "-" "PostmanRuntime/7.35.0"
2023-12-06 16:41:53 error: 500 - E11000 duplicate key error collection: USERDB.users index: username_1 dup key: { username: "Williams Olabamidele" } - /api/v1/auth//signup - POST - ::1
2023-12-06 16:41:53 info: ::1 - - [06/Dec/2023:15:41:53 +0000] "POST /api/v1/auth//signup HTTP/1.1" 500 159 "-" "PostmanRuntime/7.35.0"
2023-12-06 16:42:19 error: 500 - req is not defined - /api/v1/auth//signup - POST - ::1
2023-12-06 16:42:19 info: ::1 - - [06/Dec/2023:15:42:19 +0000] "POST /api/v1/auth//signup HTTP/1.1" 500 60 "-" "PostmanRuntime/7.35.0"
2023-12-06 16:42:39 error: 500 - User validation failed: username: Please fill in your username - /api/v1/auth//signup - POST - ::1
2023-12-06 16:42:39 info: ::1 - - [06/Dec/2023:15:42:39 +0000] "POST /api/v1/auth//signup HTTP/1.1" 500 104 "-" "PostmanRuntime/7.35.0"
2023-12-06 16:46:00 error: 500 - E11000 duplicate key error collection: USERDB.users index: username_1 dup key: { username: "Joshua Olabamidele" } - /api/v1/auth//signup - POST - ::1
2023-12-06 16:46:00 info: ::1 - - [06/Dec/2023:15:46:00 +0000] "POST /api/v1/auth//signup HTTP/1.1" 500 157 "-" "PostmanRuntime/7.35.0"
2023-12-06 16:46:11 error: 500 - req is not defined - /api/v1/auth//signup - POST - ::1
2023-12-06 16:46:11 info: ::1 - - [06/Dec/2023:15:46:11 +0000] "POST /api/v1/auth//signup HTTP/1.1" 500 60 "-" "PostmanRuntime/7.35.0"
2023-12-06 16:50:58 error: 500 - req is not defined - /api/v1/auth/login - POST - ::1
2023-12-06 16:50:58 info: ::1 - - [06/Dec/2023:15:50:58 +0000] "POST /api/v1/auth/login HTTP/1.1" 500 60 "-" "PostmanRuntime/7.35.0"
2023-12-06 16:52:29 error: 500 - req is not defined - /api/v1/auth/login - POST - ::1
2023-12-06 16:52:29 info: ::1 - - [06/Dec/2023:15:52:29 +0000] "POST /api/v1/auth/login HTTP/1.1" 500 60 "-" "PostmanRuntime/7.35.0"
2023-12-06 16:52:40 error: 500 - E11000 duplicate key error collection: USERDB.users index: username_1 dup key: { username: "Favour Olabamidele" } - /api/v1/auth/signup - POST - ::1
2023-12-06 16:52:40 info: ::1 - - [06/Dec/2023:15:52:40 +0000] "POST /api/v1/auth/signup HTTP/1.1" 500 157 "-" "PostmanRuntime/7.35.0"
2023-12-06 16:53:20 error: 500 - req is not defined - /api/v1/auth/signup - POST - ::1
2023-12-06 16:53:20 info: ::1 - - [06/Dec/2023:15:53:20 +0000] "POST /api/v1/auth/signup HTTP/1.1" 500 60 "-" "PostmanRuntime/7.35.0"
2023-12-06 16:59:03 error: 500 - E11000 duplicate key error collection: USERDB.users index: username_1 dup key: { username: "Dennis" } - /api/v1/auth/signup - POST - ::1
2023-12-06 16:59:03 info: ::1 - - [06/Dec/2023:15:59:03 +0000] "POST /api/v1/auth/signup HTTP/1.1" 500 145 "-" "PostmanRuntime/7.35.0"
2023-12-06 16:59:18 info: ::1 - - [06/Dec/2023:15:59:18 +0000] "POST /api/v1/auth/signup HTTP/1.1" 201 278 "-" "PostmanRuntime/7.35.0"
2023-12-06 17:01:15 error: 500 - req is not defined - /api/v1/auth/signup - POST - ::1
2023-12-06 17:01:15 info: ::1 - - [06/Dec/2023:16:01:15 +0000] "POST /api/v1/auth/signup HTTP/1.1" 500 60 "-" "PostmanRuntime/7.35.0"
2023-12-06 17:01:55 error: 500 - E11000 duplicate key error collection: USERDB.users index: username_1 dup key: { username: "Den" } - /api/v1/auth/signup - POST - ::1
2023-12-06 17:01:56 info: ::1 - - [06/Dec/2023:16:01:56 +0000] "POST /api/v1/auth/signup HTTP/1.1" 500 142 "-" "PostmanRuntime/7.35.0"
2023-12-06 17:02:08 error: 500 - req is not defined - /api/v1/auth/signup - POST - ::1
2023-12-06 17:02:08 info: ::1 - - [06/Dec/2023:16:02:08 +0000] "POST /api/v1/auth/signup HTTP/1.1" 500 60 "-" "PostmanRuntime/7.35.0"
2023-12-06 17:03:14 error: 500 - req is not defined - /api/v1/auth/signup - POST - ::1
2023-12-06 17:03:15 info: ::1 - - [06/Dec/2023:16:03:15 +0000] "POST /api/v1/auth/signup HTTP/1.1" 500 60 "-" "PostmanRuntime/7.35.0"
2023-12-06 17:04:55 error: 500 - E11000 duplicate key error collection: USERDB.users index: username_1 dup key: { username: "Kemnka" } - /api/v1/auth/signup - POST - ::1
2023-12-06 17:04:56 info: ::1 - - [06/Dec/2023:16:04:56 +0000] "POST /api/v1/auth/signup HTTP/1.1" 500 145 "-" "PostmanRuntime/7.35.0"
2023-12-06 17:05:07 error: 500 - req is not defined - /api/v1/auth/signup - POST - ::1
2023-12-06 17:05:07 info: ::1 - - [06/Dec/2023:16:05:07 +0000] "POST /api/v1/auth/signup HTTP/1.1" 500 60 "-" "PostmanRuntime/7.35.0"
2023-12-06 17:35:28 error: 500 - E11000 duplicate key error collection: USERDB.users index: username_1 dup key: { username: "Kenka" } - /api/v1/auth/signup - POST - ::1
2023-12-06 17:35:28 info: ::1 - - [06/Dec/2023:16:35:28 +0000] "POST /api/v1/auth/signup HTTP/1.1" 500 144 "-" "PostmanRuntime/7.35.0"
2023-12-06 17:35:36 error: 500 - req is not defined - /api/v1/auth/signup - POST - ::1
2023-12-06 17:35:36 info: ::1 - - [06/Dec/2023:16:35:36 +0000] "POST /api/v1/auth/signup HTTP/1.1" 500 60 "-" "PostmanRuntime/7.35.0"
2023-12-06 23:47:35 error: 500 - req is not defined - /api/v1/auth/login - POST - ::1
2023-12-06 23:47:35 info: ::1 - - [06/Dec/2023:22:47:35 +0000] "POST /api/v1/auth/login HTTP/1.1" 500 60 "-" "PostmanRuntime/7.35.0"
2023-12-07 01:10:49 error: 500 - req is not defined - /api/v1/auth/signup - POST - ::1
2023-12-07 01:10:49 info: ::1 - - [07/Dec/2023:00:10:49 +0000] "POST /api/v1/auth/signup HTTP/1.1" 500 60 "-" "PostmanRuntime/7.35.0"
2023-12-07 01:47:52 error: 500 - req is not defined - /api/v1/auth/login - POST - ::1
2023-12-07 01:47:52 info: ::1 - - [07/Dec/2023:00:47:52 +0000] "POST /api/v1/auth/login HTTP/1.1" 500 60 "-" "PostmanRuntime/7.35.0"
2023-12-07 16:56:37 error: 500 - E11000 duplicate key error collection: USERDB.users index: username_1 dup key: { username: "Abigael" } - /api/v1/auth/signup - POST - ::1
2023-12-07 16:56:37 info: ::1 - - [07/Dec/2023:15:56:37 +0000] "POST /api/v1/auth/signup HTTP/1.1" 500 146 "-" "PostmanRuntime/7.35.0"
2023-12-07 16:57:26 error: 500 - req is not defined - /api/v1/auth/signup - POST - ::1
2023-12-07 16:57:26 info: ::1 - - [07/Dec/2023:15:57:26 +0000] "POST /api/v1/auth/signup HTTP/1.1" 500 60 "-" "PostmanRuntime/7.35.0"
2023-12-08 00:58:50 error: 500 - req is not defined - /api/v1/auth/signup - POST - ::1
2023-12-08 00:58:50 info: ::1 - - [07/Dec/2023:23:58:50 +0000] "POST /api/v1/auth/signup HTTP/1.1" 500 60 "-" "PostmanRuntime/7.35.0"
2023-12-08 01:02:47 error: 500 - req is not defined - /api/v1/auth/login - POST - ::1
2023-12-08 01:02:47 info: ::1 - - [08/Dec/2023:00:02:47 +0000] "POST /api/v1/auth/login HTTP/1.1" 500 60 "-" "PostmanRuntime/7.35.0"
2023-12-08 15:37:42 error: 500 - req is not defined - /api/v1/auth/login - POST - ::1
2023-12-08 15:37:42 info: ::1 - - [08/Dec/2023:14:37:42 +0000] "POST /api/v1/auth/login HTTP/1.1" 500 60 "-" "PostmanRuntime/7.35.0"
2023-12-08 15:38:15 error: 500 - req is not defined - /api/v1/auth/login - POST - ::1
2023-12-08 15:38:15 info: ::1 - - [08/Dec/2023:14:38:15 +0000] "POST /api/v1/auth/login HTTP/1.1" 500 60 "-" "PostmanRuntime/7.35.0"
2023-12-08 20:35:46 info: ::1 - - [08/Dec/2023:19:35:46 +0000] "POST /api/v1/auth/signup HTTP/1.1" 201 359 "-" "PostmanRuntime/7.35.0"
2023-12-08 20:56:04 error: 500 - req is not defined - /api/v1/auth/signup - POST - ::1
2023-12-08 20:56:04 info: ::1 - - [08/Dec/2023:19:56:04 +0000] "POST /api/v1/auth/signup HTTP/1.1" 500 60 "-" "PostmanRuntime/7.35.0"
2023-12-08 20:59:40 error: 500 - E11000 duplicate key error collection: USERDB.users index: username_1 dup key: { username: "Olawills" } - /api/v1/auth/signup - POST - ::1
2023-12-08 20:59:40 info: ::1 - - [08/Dec/2023:19:59:40 +0000] "POST /api/v1/auth/signup HTTP/1.1" 500 147 "-" "PostmanRuntime/7.35.0"
2023-12-08 20:59:49 error: 500 - req is not defined - /api/v1/auth/signup - POST - ::1
2023-12-08 20:59:49 info: ::1 - - [08/Dec/2023:19:59:49 +0000] "POST /api/v1/auth/signup HTTP/1.1" 500 60 "-" "PostmanRuntime/7.35.0"
2023-12-08 21:06:51 error: 500 - option expires is invalid - /api/v1/auth/signup - POST - ::1
2023-12-08 21:06:51 info: ::1 - - [08/Dec/2023:20:06:51 +0000] "POST /api/v1/auth/signup HTTP/1.1" 500 67 "-" "PostmanRuntime/7.35.0"
2023-12-08 21:15:17 error: 500 - option expires is invalid - /api/v1/auth/signup - POST - ::1
2023-12-08 21:15:17 info: ::1 - - [08/Dec/2023:20:15:17 +0000] "POST /api/v1/auth/signup HTTP/1.1" 500 67 "-" "PostmanRuntime/7.35.0"
2023-12-08 21:19:57 info: ::1 - - [08/Dec/2023:20:19:57 +0000] "POST /api/v1/auth/signup HTTP/1.1" 201 209 "-" "PostmanRuntime/7.35.0"
2023-12-08 21:21:49 info: ::1 - - [08/Dec/2023:20:21:49 +0000] "POST /api/v1/auth/signup HTTP/1.1" 201 199 "-" "PostmanRuntime/7.35.0"
2023-12-08 21:39:12 info: ::1 - - [08/Dec/2023:20:39:12 +0000] "POST /api/v1/auth/signup HTTP/1.1" 201 201 "-" "PostmanRuntime/7.35.0"
2023-12-08 21:42:26 error: 500 - "expiresIn" should be a number of seconds or string representing a timespan - /api/v1/auth/signup - POST - ::1
2023-12-08 21:42:26 info: ::1 - - [08/Dec/2023:20:42:26 +0000] "POST /api/v1/auth/signup HTTP/1.1" 500 119 "-" "PostmanRuntime/7.35.0"
2023-12-08 21:43:25 error: 500 - "expiresIn" should be a number of seconds or string representing a timespan - /api/v1/auth/signup - POST - ::1
2023-12-08 21:43:25 info: ::1 - - [08/Dec/2023:20:43:25 +0000] "POST /api/v1/auth/signup HTTP/1.1" 500 119 "-" "PostmanRuntime/7.35.0"
2023-12-08 21:44:01 error: 500 - "expiresIn" should be a number of seconds or string representing a timespan - /api/v1/auth/signup - POST - ::1
2023-12-08 21:44:01 info: ::1 - - [08/Dec/2023:20:44:01 +0000] "POST /api/v1/auth/signup HTTP/1.1" 500 119 "-" "PostmanRuntime/7.35.0"
2023-12-08 21:51:13 error: 500 - "expiresIn" should be a number of seconds or string representing a timespan - /api/v1/auth/signup - POST - ::1
2023-12-08 21:51:13 info: ::1 - - [08/Dec/2023:20:51:13 +0000] "POST /api/v1/auth/signup HTTP/1.1" 500 119 "-" "PostmanRuntime/7.35.0"
2023-12-08 21:52:00 error: 500 - "expiresIn" should be a number of seconds or string representing a timespan - /api/v1/auth/signup - POST - ::1
2023-12-08 21:52:01 info: ::1 - - [08/Dec/2023:20:52:01 +0000] "POST /api/v1/auth/signup HTTP/1.1" 500 119 "-" "PostmanRuntime/7.35.0"
2023-12-08 21:54:13 error: 500 - option expires is invalid - /api/v1/auth/signup - POST - ::1
2023-12-08 21:54:13 info: ::1 - - [08/Dec/2023:20:54:13 +0000] "POST /api/v1/auth/signup HTTP/1.1" 500 67 "-" "PostmanRuntime/7.35.0"
2023-12-08 22:01:56 error: 500 - option expires is invalid - /api/v1/auth/signup - POST - ::1
2023-12-08 22:01:56 info: ::1 - - [08/Dec/2023:21:01:56 +0000] "POST /api/v1/auth/signup HTTP/1.1" 500 67 "-" "PostmanRuntime/7.35.0"
2023-12-08 22:24:35 error: 500 - Operation `users.insertOne()` buffering timed out after 10000ms - /api/v1/auth/signup - POST - ::1
2023-12-08 22:24:35 info: ::1 - - [08/Dec/2023:21:24:35 +0000] "POST /api/v1/auth/signup HTTP/1.1" 500 105 "-" "PostmanRuntime/7.35.0"
2023-12-08 22:24:46 error: 500 - Cannot read properties of undefined (reading '_id') - /api/v1/auth/signup - POST - ::1
2023-12-08 22:24:46 info: ::1 - - [08/Dec/2023:21:24:46 +0000] "POST /api/v1/auth/signup HTTP/1.1" 500 93 "-" "PostmanRuntime/7.35.0"
2023-12-08 22:33:53 info: ::1 - - [08/Dec/2023:21:33:53 +0000] "POST /api/v1/auth/signup HTTP/1.1" 201 370 "-" "PostmanRuntime/7.35.0"
2023-12-08 22:34:22 info: ::1 - - [08/Dec/2023:21:34:22 +0000] "POST /api/v1/auth/login HTTP/1.1" 201 386 "-" "PostmanRuntime/7.35.0"
2023-12-09 22:58:23 info: ::1 - - [09/Dec/2023:21:58:23 +0000] "POST /api/v1/auth/signup HTTP/1.1" 201 369 "-" "PostmanRuntime/7.35.0"
2023-12-09 23:01:11 error: 500 - Tasks validation failed: user: Task must belong to user - /api/v1/task/createTask - POST - ::1
2023-12-09 23:01:11 info: ::1 - - [09/Dec/2023:22:01:11 +0000] "POST /api/v1/task/createTask HTTP/1.1" 500 97 "-" "PostmanRuntime/7.35.0"
2023-12-09 23:01:50 error: 500 - Tasks validation failed: user: Task must belong to user - /api/v1/task/createTask - POST - ::1
2023-12-09 23:01:50 info: ::1 - - [09/Dec/2023:22:01:50 +0000] "POST /api/v1/task/createTask HTTP/1.1" 500 97 "-" "PostmanRuntime/7.35.0"
2023-12-09 23:04:10 error: 500 - Tasks validation failed: user: Task must belong to user - /api/v1/task/createTask - POST - ::1
2023-12-09 23:04:10 info: ::1 - - [09/Dec/2023:22:04:10 +0000] "POST /api/v1/task/createTask HTTP/1.1" 500 97 "-" "PostmanRuntime/7.35.0"
2023-12-09 23:04:56 info: ::1 - - [09/Dec/2023:22:04:56 +0000] "POST /api/v1/task/createTask HTTP/1.1" 201 197 "-" "PostmanRuntime/7.35.0"
2023-12-09 23:14:23 error: 500 - E11000 duplicate key error collection: USERDB.tasks index: date_1 dup key: { date: null } - /api/v1/task/createTask - POST - ::1
2023-12-09 23:14:23 info: ::1 - - [09/Dec/2023:22:14:23 +0000] "POST /api/v1/task/createTask HTTP/1.1" 500 131 "-" "PostmanRuntime/7.35.0"
2023-12-09 23:14:55 error: 500 - E11000 duplicate key error collection: USERDB.tasks index: date_1 dup key: { date: null } - /api/v1/task/createTask - POST - ::1
2023-12-09 23:14:55 info: ::1 - - [09/Dec/2023:22:14:55 +0000] "POST /api/v1/task/createTask HTTP/1.1" 500 131 "-" "PostmanRuntime/7.35.0"
2023-12-09 23:16:22 error: 500 - E11000 duplicate key error collection: USERDB.tasks index: date_1 dup key: { date: null } - /api/v1/task/createTask - POST - ::1
2023-12-09 23:16:23 info: ::1 - - [09/Dec/2023:22:16:23 +0000] "POST /api/v1/task/createTask HTTP/1.1" 500 131 "-" "PostmanRuntime/7.35.0"
2023-12-09 23:19:52 info: ::1 - - [09/Dec/2023:22:19:52 +0000] "POST /api/v1/task/createTask HTTP/1.1" 201 212 "-" "PostmanRuntime/7.35.0"
2023-12-10 00:04:43 error: 500 - Cannot read properties of undefined (reading 'jwt') - /api/v1/task/createTask - POST - ::1
2023-12-10 00:04:43 info: ::1 - - [09/Dec/2023:23:04:43 +0000] "POST /api/v1/task/createTask HTTP/1.1" 500 93 "-" "PostmanRuntime/7.35.0"
2023-12-10 00:04:55 error: 500 - Tasks validation failed: user: Task must belong to user - /api/v1/task/createTask - POST - ::1
2023-12-10 00:04:55 info: ::1 - - [09/Dec/2023:23:04:55 +0000] "POST /api/v1/task/createTask HTTP/1.1" 500 97 "-" "PostmanRuntime/7.35.0"
2023-12-10 00:18:34 error: 500 - Tasks validation failed: user: Task must belong to user - /api/v1/task/createTask - POST - ::1
2023-12-10 00:18:34 info: ::1 - - [09/Dec/2023:23:18:34 +0000] "POST /api/v1/task/createTask HTTP/1.1" 500 97 "-" "PostmanRuntime/7.35.0"
2023-12-10 09:55:20 error: 500 - Tasks validation failed: _id: Cast to ObjectId failed for value "" (type string) at path "_id" because of "BSONError", decription: Path `decription` is required., user: Task must belong to user - /api/v1/task/createTask - POST - ::1
2023-12-10 09:55:20 info: ::1 - - [10/Dec/2023:08:55:20 +0000] "POST /api/v1/task/createTask HTTP/1.1" 500 241 "-" "PostmanRuntime/7.35.0"
2023-12-10 10:01:07 info: ::1 - - [10/Dec/2023:09:01:07 +0000] "POST /api/v1/auth/signup HTTP/1.1" 201 372 "-" "PostmanRuntime/7.35.0"
2023-12-10 10:01:36 error: 500 - Tasks validation failed: decription: Path `decription` is required., user: Task must belong to user - /api/v1/task/createTask - POST - ::1
2023-12-10 10:01:36 info: ::1 - - [10/Dec/2023:09:01:36 +0000] "POST /api/v1/task/createTask HTTP/1.1" 500 141 "-" "PostmanRuntime/7.35.0"
2023-12-10 10:04:23 error: 500 - Tasks validation failed: user: Task must belong to user - /api/v1/task/createTask - POST - ::1
2023-12-10 10:04:23 info: ::1 - - [10/Dec/2023:09:04:23 +0000] "POST /api/v1/task/createTask HTTP/1.1" 500 97 "-" "PostmanRuntime/7.35.0"
2023-12-10 10:04:42 error: 404 - route not found - /api/v1/task/createTask:id - POST - ::1
2023-12-10 10:04:42 info: ::1 - - [10/Dec/2023:09:04:42 +0000] "POST /api/v1/task/createTask:id HTTP/1.1" 404 57 "-" "PostmanRuntime/7.35.0"
2023-12-10 12:54:46 error: 500 - Tasks validation failed: date: Path `date` is required. - /api/v1/task/createTask - POST - ::1
2023-12-10 12:54:46 info: ::1 - - [10/Dec/2023:11:54:46 +0000] "POST /api/v1/task/createTask HTTP/1.1" 500 97 "-" "PostmanRuntime/7.35.0"
2023-12-10 12:55:23 error: 500 - E11000 duplicate key error collection: USERDB.tasks index: title_1 dup key: { title: "That Money" } - /api/v1/task/createTask - POST - ::1
2023-12-10 12:55:23 info: ::1 - - [10/Dec/2023:11:55:23 +0000] "POST /api/v1/task/createTask HTTP/1.1" 500 143 "-" "PostmanRuntime/7.35.0"
2023-12-10 12:55:48 info: ::1 - - [10/Dec/2023:11:55:48 +0000] "POST /api/v1/task/createTask HTTP/1.1" 201 382 "-" "PostmanRuntime/7.35.0"
2023-12-10 13:38:28 error: 500 - deletequeryObject is not defined - /api/v1/task/getAllTask - GET - ::1
2023-12-10 13:38:28 info: ::1 - - [10/Dec/2023:12:38:28 +0000] "GET /api/v1/task/getAllTask HTTP/1.1" 500 74 "-" "PostmanRuntime/7.35.0"
2023-12-10 13:41:56 info: ::1 - - [10/Dec/2023:12:41:56 +0000] "GET /api/v1/task/getAllCategory HTTP/1.1" - - "-" "PostmanRuntime/7.35.0"
2023-12-10 13:44:22 error: 500 - deletequeryObject is not defined - /api/v1/task/getAllTask - GET - ::1
2023-12-10 13:44:22 info: ::1 - - [10/Dec/2023:12:44:22 +0000] "GET /api/v1/task/getAllTask HTTP/1.1" 500 74 "-" "PostmanRuntime/7.35.0"
2023-12-10 13:44:49 error: 500 - this.query.find is not a function - /api/v1/task/getAllTask - GET - ::1
2023-12-10 13:44:49 info: ::1 - - [10/Dec/2023:12:44:49 +0000] "GET /api/v1/task/getAllTask HTTP/1.1" 500 75 "-" "PostmanRuntime/7.35.0"
2023-12-10 16:43:27 error: 500 - Tasks validation failed: category: Cast to ObjectId failed for value "{ name: 'Study', icon: 'study_icon.png', color: '#3498db' }" (type Object) at path "category" because of "BSONError", id: Task must belong to user - /api/v1/task/createTask - POST - ::1
2023-12-10 16:43:27 info: ::1 - - [10/Dec/2023:15:43:27 +0000] "POST /api/v1/task/createTask HTTP/1.1" 500 264 "-" "PostmanRuntime/7.35.0"
2023-12-10 16:44:14 error: 500 - Tasks validation failed: id: Task must belong to user - /api/v1/task/createTask - POST - ::1
2023-12-10 16:44:14 info: ::1 - - [10/Dec/2023:15:44:14 +0000] "POST /api/v1/task/createTask HTTP/1.1" 500 95 "-" "PostmanRuntime/7.35.0"
2023-12-10 16:53:52 error: 500 - Tasks validation failed: id: Task must belong to user - /api/v1/task/createTask - POST - ::1
2023-12-10 16:53:52 info: ::1 - - [10/Dec/2023:15:53:52 +0000] "POST /api/v1/task/createTask HTTP/1.1" 500 95 "-" "PostmanRuntime/7.35.0"
2023-12-10 17:04:01 error: 500 - E11000 duplicate key error collection: USERDB.tasks index: date_1 dup key: { date: "10 Dec 2023" } - /api/v1/task/createTask - POST - ::1
2023-12-10 17:04:01 info: ::1 - - [10/Dec/2023:16:04:01 +0000] "POST /api/v1/task/createTask HTTP/1.1" 500 142 "-" "PostmanRuntime/7.35.0"
2023-12-10 17:05:04 error: 500 - E11000 duplicate key error collection: USERDB.tasks index: date_1 dup key: { date: "10 Dec 2023" } - /api/v1/task/createTask - POST - ::1
2023-12-10 17:05:05 info: ::1 - - [10/Dec/2023:16:05:05 +0000] "POST /api/v1/task/createTask HTTP/1.1" 500 142 "-" "PostmanRuntime/7.35.0"
2023-12-10 17:05:50 error: 500 - E11000 duplicate key error collection: USERDB.tasks index: date_1 dup key: { date: "10 Dec 2023" } - /api/v1/task/createTask - POST - ::1
2023-12-10 17:05:50 info: ::1 - - [10/Dec/2023:16:05:50 +0000] "POST /api/v1/task/createTask HTTP/1.1" 500 142 "-" "PostmanRuntime/7.35.0"
2023-12-10 17:07:22 error: 500 - E11000 duplicate key error collection: USERDB.tasks index: date_1 dup key: { date: "10 Dec 2023" } - /api/v1/task/createTask - POST - ::1
2023-12-10 17:07:22 info: ::1 - - [10/Dec/2023:16:07:22 +0000] "POST /api/v1/task/createTask HTTP/1.1" 500 142 "-" "PostmanRuntime/7.35.0"
2023-12-10 17:07:39 info: ::1 - - [10/Dec/2023:16:07:39 +0000] "POST /api/v1/task/createTask HTTP/1.1" 201 382 "-" "PostmanRuntime/7.35.0"
2023-12-10 17:19:57 info: ::1 - - [10/Dec/2023:16:19:57 +0000] "GET /api/v1/task/getAllTask HTTP/1.1" - - "-" "PostmanRuntime/7.35.0"
2023-12-10 17:20:01 error: 500 - Cannot read properties of undefined (reading 'jwt') - /api/v1/task/getAllTask - GET - ::1
2023-12-10 17:20:02 info: ::1 - - [10/Dec/2023:16:20:02 +0000] "GET /api/v1/task/getAllTask HTTP/1.1" 500 93 "-" "PostmanRuntime/7.35.0"
2023-12-10 17:25:18 error: 404 - route not found - /api/v1/task/updateTask - GET - ::1
2023-12-10 17:25:18 info: ::1 - - [10/Dec/2023:16:25:18 +0000] "GET /api/v1/task/updateTask HTTP/1.1" 404 57 "-" "PostmanRuntime/7.35.0"
2023-12-10 17:25:40 error: 404 - route not found - /api/v1/task/updateTask - GET - ::1
2023-12-10 17:25:40 info: ::1 - - [10/Dec/2023:16:25:40 +0000] "GET /api/v1/task/updateTask HTTP/1.1" 404 57 "-" "PostmanRuntime/7.35.0"
2023-12-10 17:25:51 error: 404 - route not found - /api/v1/task/updateTask:id - GET - ::1
2023-12-10 17:25:51 info: ::1 - - [10/Dec/2023:16:25:51 +0000] "GET /api/v1/task/updateTask:id HTTP/1.1" 404 57 "-" "PostmanRuntime/7.35.0"
2023-12-10 17:26:34 error: 404 - route not found - /api/v1/task/updateTask: - GET - ::1
2023-12-10 17:26:34 info: ::1 - - [10/Dec/2023:16:26:34 +0000] "GET /api/v1/task/updateTask: HTTP/1.1" 404 57 "-" "PostmanRuntime/7.35.0"
2023-12-10 17:34:23 error: 404 - route not found - /api/v1/task/updateTask: - PATCH - ::1
2023-12-10 17:34:23 info: ::1 - - [10/Dec/2023:16:34:23 +0000] "PATCH /api/v1/task/updateTask: HTTP/1.1" 404 57 "-" "PostmanRuntime/7.35.0"
2023-12-10 17:34:58 error: 404 - route not found - /api/v1/task/updateTask: - PATCH - ::1
2023-12-10 17:34:58 info: ::1 - - [10/Dec/2023:16:34:58 +0000] "PATCH /api/v1/task/updateTask: HTTP/1.1" 404 57 "-" "PostmanRuntime/7.35.0"
2023-12-10 17:35:10 error: 500 - Converting circular structure to JSON
    --> starting at object with constructor 'MongoClient'
    |     property 's' -> object with constructor 'Object'
    |     property 'sessionPool' -> object with constructor 'ServerSessionPool'
    --- property 'client' closes the circle - /api/v1/task/updateTask - PATCH - ::1
2023-12-10 17:35:10 info: ::1 - - [10/Dec/2023:16:35:10 +0000] "PATCH /api/v1/task/updateTask HTTP/1.1" 500 324 "-" "PostmanRuntime/7.35.0"
2023-12-10 17:35:23 error: 500 - Converting circular structure to JSON
    --> starting at object with constructor 'MongoClient'
    |     property 's' -> object with constructor 'Object'
    |     property 'sessionPool' -> object with constructor 'ServerSessionPool'
    --- property 'client' closes the circle - /api/v1/task/updateTask - PATCH - ::1
2023-12-10 17:35:23 info: ::1 - - [10/Dec/2023:16:35:23 +0000] "PATCH /api/v1/task/updateTask HTTP/1.1" 500 324 "-" "PostmanRuntime/7.35.0"
2023-12-10 17:37:18 error: 404 - route not found - /api/v1/task/updateTask:id - PATCH - ::1
2023-12-10 17:37:18 info: ::1 - - [10/Dec/2023:16:37:18 +0000] "PATCH /api/v1/task/updateTask:id HTTP/1.1" 404 57 "-" "PostmanRuntime/7.35.0"
2023-12-10 17:45:43 error: 500 - Converting circular structure to JSON
    --> starting at object with constructor 'MongoClient'
    |     property 's' -> object with constructor 'Object'
    |     property 'sessionPool' -> object with constructor 'ServerSessionPool'
    --- property 'client' closes the circle - /api/v1/task/updateTask - PATCH - ::1
2023-12-10 17:45:43 info: ::1 - - [10/Dec/2023:16:45:43 +0000] "PATCH /api/v1/task/updateTask HTTP/1.1" 500 324 "-" "PostmanRuntime/7.35.0"
2023-12-10 19:54:18 error: 404 - route not found - /api/v1/task/updateTask - PATCH - ::1
2023-12-10 19:54:18 info: ::1 - - [10/Dec/2023:18:54:18 +0000] "PATCH /api/v1/task/updateTask HTTP/1.1" 404 57 "-" "PostmanRuntime/7.35.0"
2023-12-10 20:05:27 info: ::1 - - [10/Dec/2023:19:05:27 +0000] "PATCH /api/v1/task/updateTask/eyJhbGciOiJIUzI1NiIsInR5cCI6IkpXVCJ9.eyJpZCI6IjY1NzRlMmZlYmQxNTg0YWJhMGI5NTFjNCIsImlhdCI6MTcwMjE1OTEwMywiZXhwIjoxNzAyMjQ1NTAzfQ.4L6s0VzmoQLdzpn_6purar5DBJ1HUBI3EJKmlgciSso HTTP/1.1" - - "-" "PostmanRuntime/7.35.0"
2023-12-10 20:05:36 info: ::1 - - [10/Dec/2023:19:05:36 +0000] "GET /api/v1/task/getAllTask/eyJhbGciOiJIUzI1NiIsInR5cCI6IkpXVCJ9.eyJpZCI6IjY1NzRlMmZlYmQxNTg0YWJhMGI5NTFjNCIsImlhdCI6MTcwMjE1OTEwMywiZXhwIjoxNzAyMjQ1NTAzfQ.4L6s0VzmoQLdzpn_6purar5DBJ1HUBI3EJKmlgciSso HTTP/1.1" - - "-" "PostmanRuntime/7.35.0"
2023-12-10 20:10:56 info: ::1 - - [10/Dec/2023:19:10:56 +0000] "GET /api/v1/task/getAllTask/6574e2febd1584aba0b951c4 HTTP/1.1" - - "-" "PostmanRuntime/7.35.0"
2023-12-10 20:11:20 info: ::1 - - [10/Dec/2023:19:11:20 +0000] "POST /api/v1/auth/signup HTTP/1.1" 201 370 "-" "PostmanRuntime/7.35.0"
2023-12-10 20:11:51 info: ::1 - - [10/Dec/2023:19:11:51 +0000] "GET /api/v1/task/getAllTask/65757e52f8f3fb1146b831c8 HTTP/1.1" - - "-" "PostmanRuntime/7.35.0"
2023-12-10 20:11:54 error: 500 - Cannot read properties of undefined (reading 'jwt') - /api/v1/task/getAllTask/65757e52f8f3fb1146b831c8 - GET - ::1
2023-12-10 20:11:54 info: ::1 - - [10/Dec/2023:19:11:54 +0000] "GET /api/v1/task/getAllTask/65757e52f8f3fb1146b831c8 HTTP/1.1" 500 93 "-" "PostmanRuntime/7.35.0"
2023-12-10 20:14:14 error: 500 - Cannot read properties of undefined (reading 'jwt') - /api/v1/task/getAllTask/65760d5760f6041ac036e230 - GET - ::1
2023-12-10 20:14:14 info: ::1 - - [10/Dec/2023:19:14:14 +0000] "GET /api/v1/task/getAllTask/65760d5760f6041ac036e230 HTTP/1.1" 500 93 "-" "PostmanRuntime/7.35.0"
2023-12-10 20:19:49 info: ::1 - - [10/Dec/2023:19:19:49 +0000] "POST /api/v1/task/createTask HTTP/1.1" 201 382 "-" "PostmanRuntime/7.35.0"
2023-12-10 20:47:57 info: ::1 - - [10/Dec/2023:19:47:57 +0000] "GET /api/v1/task/getAllTask/65760d5760f6041ac036e230 HTTP/1.1" - - "-" "PostmanRuntime/7.35.0"
2023-12-10 21:19:21 error: 500 - Cannot read properties of undefined (reading 'jwt') - /api/v1/task/updateTask//addCategory/65760d5760f6041ac036e230 - GET - ::1
2023-12-10 21:19:21 info: ::1 - - [10/Dec/2023:20:19:21 +0000] "GET /api/v1/task/updateTask//addCategory/65760d5760f6041ac036e230 HTTP/1.1" 500 93 "-" "PostmanRuntime/7.35.0"
2023-12-10 21:20:04 error: 404 - route not found - /api/v1/task/updateTask//addCategory/65760d5760f6041ac036e230 - GET - ::1
2023-12-10 21:20:04 info: ::1 - - [10/Dec/2023:20:20:04 +0000] "GET /api/v1/task/updateTask//addCategory/65760d5760f6041ac036e230 HTTP/1.1" 404 57 "-" "PostmanRuntime/7.35.0"
2023-12-10 21:20:26 error: 404 - route not found - /api/v1/task/updateTask/addCategory/65760d5760f6041ac036e230 - GET - ::1
2023-12-10 21:20:26 info: ::1 - - [10/Dec/2023:20:20:26 +0000] "GET /api/v1/task/updateTask/addCategory/65760d5760f6041ac036e230 HTTP/1.1" 404 57 "-" "PostmanRuntime/7.35.0"
2023-12-10 21:20:37 error: 404 - route not found - /api/v1/task/addCategory/65760d5760f6041ac036e230 - GET - ::1
2023-12-10 21:20:37 info: ::1 - - [10/Dec/2023:20:20:37 +0000] "GET /api/v1/task/addCategory/65760d5760f6041ac036e230 HTTP/1.1" 404 57 "-" "PostmanRuntime/7.35.0"
2023-12-10 21:21:08 error: 404 - route not found - /api/v1/task/addCategory/65760d5760f6041ac036e230 - GET - ::1
2023-12-10 21:21:08 info: ::1 - - [10/Dec/2023:20:21:08 +0000] "GET /api/v1/task/addCategory/65760d5760f6041ac036e230 HTTP/1.1" 404 57 "-" "PostmanRuntime/7.35.0"
2023-12-11 02:40:08 info: ::1 - - [11/Dec/2023:01:40:08 +0000] "POST /api/v1/task/addCategory/65760d5760f6041ac036e230 HTTP/1.1" - - "-" "PostmanRuntime/7.35.0"
2023-12-11 02:40:12 info: ::1 - - [11/Dec/2023:01:40:12 +0000] "GET /api/v1/task/getAllTask/65760d5760f6041ac036e230 HTTP/1.1" - - "-" "PostmanRuntime/7.35.0"
2023-12-11 10:08:31 info: ::1 - - [11/Dec/2023:09:08:31 +0000] "GET /api/v1/task/getAllTask HTTP/1.1" - - "-" "PostmanRuntime/7.35.0"
2023-12-11 10:18:02 error: 500 - Operation `users.findOne()` buffering timed out after 10000ms - /api/v1/task/getAllTask/65760f5560f6041ac036e234 - GET - ::1
2023-12-11 10:18:02 info: ::1 - - [11/Dec/2023:09:18:02 +0000] "GET /api/v1/task/getAllTask/65760f5560f6041ac036e234 HTTP/1.1" 500 103 "-" "PostmanRuntime/7.35.0"
2023-12-11 10:21:28 error: 500 - jwt expired - /api/v1/task/createTask - POST - ::1
2023-12-11 10:21:28 info: ::1 - - [11/Dec/2023:09:21:28 +0000] "POST /api/v1/task/createTask HTTP/1.1" 500 53 "-" "PostmanRuntime/7.35.0"
2023-12-11 12:59:22 info: ::1 - - [11/Dec/2023:11:59:22 +0000] "POST /api/v1/auth/login HTTP/1.1" 201 370 "-" "PostmanRuntime/7.35.0"
2023-12-11 13:00:57 error: 500 - E11000 duplicate key error collection: USERDB.tasks index: date_1 dup key: { date: "11 Dec 2023" } - /api/v1/task/createTask - POST - ::1
2023-12-11 13:00:57 info: ::1 - - [11/Dec/2023:12:00:57 +0000] "POST /api/v1/task/createTask HTTP/1.1" 500 142 "-" "PostmanRuntime/7.35.0"
2023-12-11 13:02:25 error: 500 - E11000 duplicate key error collection: USERDB.tasks index: date_1 dup key: { date: "11 Dec 2023" } - /api/v1/task/createTask - POST - ::1
2023-12-11 13:02:25 info: ::1 - - [11/Dec/2023:12:02:25 +0000] "POST /api/v1/task/createTask HTTP/1.1" 500 142 "-" "PostmanRuntime/7.35.0"
2023-12-11 13:02:34 error: 500 - E11000 duplicate key error collection: USERDB.tasks index: date_1 dup key: { date: "12 Dec 2023" } - /api/v1/task/createTask - POST - ::1
2023-12-11 13:02:34 info: ::1 - - [11/Dec/2023:12:02:34 +0000] "POST /api/v1/task/createTask HTTP/1.1" 500 142 "-" "PostmanRuntime/7.35.0"
2023-12-11 13:03:11 info: ::1 - - [11/Dec/2023:12:03:11 +0000] "POST /api/v1/task/createTask HTTP/1.1" 201 383 "-" "PostmanRuntime/7.35.0"
2023-12-11 13:04:33 info: ::1 - - [11/Dec/2023:12:04:33 +0000] "GET /api/v1/task/getAllTask/65760d5760f6041ac036e230 HTTP/1.1" - - "-" "PostmanRuntime/7.35.0"
2023-12-11 13:04:37 error: 500 - jwt malformed - /api/v1/task/getAllTask/65760d5760f6041ac036e230 - GET - ::1
2023-12-11 13:04:37 info: ::1 - - [11/Dec/2023:12:04:37 +0000] "GET /api/v1/task/getAllTask/65760d5760f6041ac036e230 HTTP/1.1" 500 55 "-" "PostmanRuntime/7.35.0"
2023-12-11 13:04:48 error: 500 - jwt malformed - /api/v1/task/getAllTask/65760d5760f6041ac036e230 - GET - ::1
2023-12-11 13:04:48 info: ::1 - - [11/Dec/2023:12:04:48 +0000] "GET /api/v1/task/getAllTask/65760d5760f6041ac036e230 HTTP/1.1" 500 55 "-" "PostmanRuntime/7.35.0"
2023-12-11 13:06:39 error: 500 - jwt malformed - /api/v1/task/getAllTask/65760d5760f6041ac036e230 - GET - ::1
2023-12-11 13:06:39 info: ::1 - - [11/Dec/2023:12:06:39 +0000] "GET /api/v1/task/getAllTask/65760d5760f6041ac036e230 HTTP/1.1" 500 55 "-" "PostmanRuntime/7.35.0"
2023-12-11 13:18:44 info: ::1 - - [11/Dec/2023:12:18:44 +0000] "GET /api/v1/task/getAllTask/65760d5760f6041ac036e230 HTTP/1.1" - - "-" "PostmanRuntime/7.35.0"
2023-12-11 13:21:22 error: 404 - route not found - /api/v1/task/getAllTask - GET - ::1
2023-12-11 13:21:22 info: ::1 - - [11/Dec/2023:12:21:22 +0000] "GET /api/v1/task/getAllTask HTTP/1.1" 404 57 "-" "PostmanRuntime/7.35.0"
2023-12-11 13:43:28 info: ::1 - - [11/Dec/2023:12:43:28 +0000] "PATCH /api/v1/task/updateTask/6574e2febd1584aba0b951c4 HTTP/1.1" - - "-" "PostmanRuntime/7.35.0"
2023-12-11 13:45:30 error: 500 - Converting circular structure to JSON
    --> starting at object with constructor 'MongoClient'
    |     property 's' -> object with constructor 'Object'
    |     property 'sessionPool' -> object with constructor 'ServerSessionPool'
    --- property 'client' closes the circle - /api/v1/task/updateTask/6576fa7f2da4e82740777529 - PATCH - ::1
2023-12-11 13:45:30 info: ::1 - - [11/Dec/2023:12:45:30 +0000] "PATCH /api/v1/task/updateTask/6576fa7f2da4e82740777529 HTTP/1.1" 500 324 "-" "PostmanRuntime/7.35.0"
2023-12-11 14:42:06 info: ::1 - - [11/Dec/2023:13:42:05 +0000] "GET /api/v1/task/getAllTask/65760d5760f6041ac036e230 HTTP/1.1" - - "-" "PostmanRuntime/7.35.0"
2023-12-11 14:47:49 error: 500 - Operation `users.findOne()` buffering timed out after 10000ms - /api/v1/task/getAllTask/65760d5760f6041ac036e230 - GET - ::1
2023-12-11 14:47:49 info: ::1 - - [11/Dec/2023:13:47:49 +0000] "GET /api/v1/task/getAllTask/65760d5760f6041ac036e230 HTTP/1.1" 500 103 "-" "PostmanRuntime/7.35.0"
2023-12-11 14:57:49 info: ::1 - - [11/Dec/2023:13:57:49 +0000] "POST /api/v1/auth/signup HTTP/1.1" 201 370 "-" "PostmanRuntime/7.35.0"
2023-12-11 20:54:58 error: 404 - route not found - /api/v1/signup - POST - ::1
2023-12-11 20:54:58 info: ::1 - - [11/Dec/2023:19:54:58 +0000] "POST /api/v1/signup HTTP/1.1" 404 57 "-" "PostmanRuntime/7.35.0"
2023-12-11 20:55:05 error: 500 - option expires is invalid - /api/v1/auth/signup - POST - ::1
2023-12-11 20:55:05 info: ::1 - - [11/Dec/2023:19:55:05 +0000] "POST /api/v1/auth/signup HTTP/1.1" 500 67 "-" "PostmanRuntime/7.35.0"
2023-12-11 20:57:33 error: 500 - E11000 duplicate key error collection: todo-app.users index: username_1 dup key: { username: "Dennis" } - /api/v1/auth/signup - POST - ::1
2023-12-11 20:57:33 info: ::1 - - [11/Dec/2023:19:57:33 +0000] "POST /api/v1/auth/signup HTTP/1.1" 500 147 "-" "PostmanRuntime/7.35.0"
2023-12-11 20:57:45 info: ::1 - - [11/Dec/2023:19:57:45 +0000] "POST /api/v1/auth/signup HTTP/1.1" 201 372 "-" "PostmanRuntime/7.35.0"
2023-12-11 21:01:29 error: 500 - Class constructor DateTime cannot be invoked without 'new' - /api/v1/auth/signup - POST - ::1
2023-12-11 21:01:29 info: ::1 - - [11/Dec/2023:20:01:29 +0000] "POST /api/v1/auth/signup HTTP/1.1" 500 100 "-" "PostmanRuntime/7.35.0"
2023-12-11 21:03:04 error: 500 - E11000 duplicate key error collection: todo-app.users index: username_1 dup key: { username: "Dennis" } - /api/v1/auth/signup - POST - ::1
2023-12-11 21:03:04 info: ::1 - - [11/Dec/2023:20:03:04 +0000] "POST /api/v1/auth/signup HTTP/1.1" 500 147 "-" "PostmanRuntime/7.35.0"
2023-12-11 21:03:13 error: 500 - option expires is invalid - /api/v1/auth/signup - POST - ::1
2023-12-11 21:03:13 info: ::1 - - [11/Dec/2023:20:03:13 +0000] "POST /api/v1/auth/signup HTTP/1.1" 500 67 "-" "PostmanRuntime/7.35.0"
2023-12-11 21:03:37 info: ::1 - - [11/Dec/2023:20:03:37 +0000] "POST /api/v1/auth/signup HTTP/1.1" 201 372 "-" "PostmanRuntime/7.35.0"
2023-12-11 21:05:04 error: 404 - route not found - /api/v1/login - POST - ::1
2023-12-11 21:05:04 info: ::1 - - [11/Dec/2023:20:05:04 +0000] "POST /api/v1/login HTTP/1.1" 404 57 "-" "PostmanRuntime/7.35.0"
2023-12-11 21:05:12 error: 401 - Incorrect username or password - /api/v1/auth/login - POST - ::1
2023-12-11 21:05:12 info: ::1 - - [11/Dec/2023:20:05:12 +0000] "POST /api/v1/auth/login HTTP/1.1" 401 72 "-" "PostmanRuntime/7.35.0"
2023-12-11 21:05:21 info: ::1 - - [11/Dec/2023:20:05:21 +0000] "POST /api/v1/auth/login HTTP/1.1" 201 372 "-" "PostmanRuntime/7.35.0"
2023-12-11 21:05:51 error: 500 - jwt malformed - /api/v1/task/createTask - POST - ::1
2023-12-11 21:05:51 info: ::1 - - [11/Dec/2023:20:05:51 +0000] "POST /api/v1/task/createTask HTTP/1.1" 500 55 "-" "PostmanRuntime/7.35.0"
2023-12-11 21:07:59 error: 500 - jwt malformed - /api/v1/task/createTask - POST - ::1
2023-12-11 21:07:59 info: ::1 - - [11/Dec/2023:20:07:59 +0000] "POST /api/v1/task/createTask HTTP/1.1" 500 55 "-" "PostmanRuntime/7.35.0"
2023-12-11 21:08:04 error: 500 - jwt malformed - /api/v1/task/createTask - POST - ::1
2023-12-11 21:08:04 info: ::1 - - [11/Dec/2023:20:08:04 +0000] "POST /api/v1/task/createTask HTTP/1.1" 500 55 "-" "PostmanRuntime/7.35.0"
2023-12-11 21:09:24 error: 500 - jwt malformed - /api/v1/task/createTask - POST - ::1
2023-12-11 21:09:24 info: ::1 - - [11/Dec/2023:20:09:24 +0000] "POST /api/v1/task/createTask HTTP/1.1" 500 55 "-" "PostmanRuntime/7.35.0"
2023-12-11 21:10:55 error: 500 - jwt malformed - /api/v1/task/createTask - POST - ::1
2023-12-11 21:10:55 info: ::1 - - [11/Dec/2023:20:10:55 +0000] "POST /api/v1/task/createTask HTTP/1.1" 500 55 "-" "PostmanRuntime/7.35.0"
2023-12-11 21:11:45 error: 500 - jwt malformed - /api/v1/task/createTask - POST - ::1
2023-12-11 21:11:45 info: ::1 - - [11/Dec/2023:20:11:45 +0000] "POST /api/v1/task/createTask HTTP/1.1" 500 55 "-" "PostmanRuntime/7.35.0"
2023-12-11 21:12:26 info: ::1 - - [11/Dec/2023:20:12:26 +0000] "POST /api/v1/auth/login HTTP/1.1" 201 372 "-" "PostmanRuntime/7.35.0"
2023-12-11 21:13:00 error: 500 - Cannot read properties of undefined (reading 'jwt') - /api/v1/task/createTask - POST - ::1
2023-12-11 21:13:00 info: ::1 - - [11/Dec/2023:20:13:00 +0000] "POST /api/v1/task/createTask HTTP/1.1" 500 93 "-" "PostmanRuntime/7.35.0"
2023-12-11 21:13:38 info: ::1 - - [11/Dec/2023:20:13:38 +0000] "POST /api/v1/task/createTask HTTP/1.1" 201 383 "-" "PostmanRuntime/7.35.0"
2023-12-11 21:14:37 info: ::1 - - [11/Dec/2023:20:14:37 +0000] "GET /api/v1/task/getAllTask/65760d5760f6041ac036e230 HTTP/1.1" - - "-" "PostmanRuntime/7.35.0"
2023-12-11 21:15:23 info: ::1 - - [11/Dec/2023:20:15:23 +0000] "GET /api/v1/task/65776d7222732a48de3772db HTTP/1.1" - - "-" "PostmanRuntime/7.35.0"
2023-12-11 21:20:00 info: ::1 - - [11/Dec/2023:20:20:00 +0000] "GET /api/v1/task/65776d7222732a48de3772db HTTP/1.1" 200 20 "-" "PostmanRuntime/7.35.0"
2023-12-11 21:23:03 error: 500 - Cannot populate path `users` because it is not in your schema. Set the `strictPopulate` option to false to override. - /api/v1/task/65776d7222732a48de3772db - GET - ::1
2023-12-11 21:23:03 info: ::1 - - [11/Dec/2023:20:23:03 +0000] "GET /api/v1/task/65776d7222732a48de3772db HTTP/1.1" 500 158 "-" "PostmanRuntime/7.35.0"
2023-12-11 21:23:50 info: ::1 - - [11/Dec/2023:20:23:50 +0000] "GET /api/v1/task/65776d7222732a48de3772db HTTP/1.1" 200 383 "-" "PostmanRuntime/7.35.0"
2023-12-11 21:24:07 info: ::1 - - [11/Dec/2023:20:24:07 +0000] "GET /api/v1/task/65776d7222732a48de3772db HTTP/1.1" 200 383 "-" "PostmanRuntime/7.35.0"
2023-12-11 21:24:56 info: ::1 - - [11/Dec/2023:20:24:56 +0000] "GET /api/v1/task/65776d7222732a48de3772db HTTP/1.1" 200 382 "-" "PostmanRuntime/7.35.0"
2023-12-11 21:25:11 info: ::1 - - [11/Dec/2023:20:25:11 +0000] "GET /api/v1/task/65776d7222732a48de3772db HTTP/1.1" 200 382 "-" "PostmanRuntime/7.35.0"
2023-12-11 21:25:16 error: 500 - Cast to ObjectId failed for value "65776d7222732a48de3772d" (type string) at path "_id" for model "Tasks" - /api/v1/task/65776d7222732a48de3772d - GET - ::1
2023-12-11 21:25:16 info: ::1 - - [11/Dec/2023:20:25:16 +0000] "GET /api/v1/task/65776d7222732a48de3772d HTTP/1.1" 500 153 "-" "PostmanRuntime/7.35.0"
2023-12-11 21:25:22 info: ::1 - - [11/Dec/2023:20:25:22 +0000] "GET /api/v1/task/65776d7222732a48de3772db HTTP/1.1" 200 382 "-" "PostmanRuntime/7.35.0"
2023-12-12 16:19:00 info: ::1 - - [12/Dec/2023:15:19:00 +0000] "POST /api/v1/auth/signup HTTP/1.1" 201 386 "-" "PostmanRuntime/7.35.0"
2023-12-12 16:21:35 error: 500 - UserModel is not defined - /api/v1/task/createTask - POST - ::1
2023-12-12 16:21:35 info: ::1 - - [12/Dec/2023:15:21:35 +0000] "POST /api/v1/task/createTask HTTP/1.1" 500 66 "-" "PostmanRuntime/7.35.0"
2023-12-12 16:31:56 error: 500 - UserModel is not defined - /api/v1/task/createTask - POST - ::1
2023-12-12 16:31:56 info: ::1 - - [12/Dec/2023:15:31:56 +0000] "POST /api/v1/task/createTask HTTP/1.1" 500 66 "-" "PostmanRuntime/7.35.0"
2023-12-12 16:33:11 error: 500 - UserModel is not defined - /api/v1/task/createTask - POST - ::1
2023-12-12 16:33:11 info: ::1 - - [12/Dec/2023:15:33:11 +0000] "POST /api/v1/task/createTask HTTP/1.1" 500 66 "-" "PostmanRuntime/7.35.0"
2023-12-12 16:33:20 error: 500 - UserModel is not defined - /api/v1/task/createTask - POST - ::1
2023-12-12 16:33:20 info: ::1 - - [12/Dec/2023:15:33:20 +0000] "POST /api/v1/task/createTask HTTP/1.1" 500 66 "-" "PostmanRuntime/7.35.0"
2023-12-12 16:59:14 error: 500 - model.create is not a constructor - /api/v1/task/createTask - POST - ::1
2023-12-12 16:59:14 info: ::1 - - [12/Dec/2023:15:59:14 +0000] "POST /api/v1/task/createTask HTTP/1.1" 500 75 "-" "PostmanRuntime/7.35.0"
2023-12-12 16:59:58 info: ::1 - - [12/Dec/2023:15:59:58 +0000] "POST /api/v1/task/createTask HTTP/1.1" 200 412 "-" "PostmanRuntime/7.35.0"
2023-12-12 17:00:56 error: 500 - E11000 duplicate key error collection: USERDB.tasks index: title_1 dup key: { title: "Download Anime" } - /api/v1/task/createTask - POST - ::1
2023-12-12 17:00:56 info: ::1 - - [12/Dec/2023:16:00:56 +0000] "POST /api/v1/task/createTask HTTP/1.1" 500 147 "-" "PostmanRuntime/7.35.0"
2023-12-12 17:01:10 info: ::1 - - [12/Dec/2023:16:01:10 +0000] "POST /api/v1/task/createTask HTTP/1.1" 200 420 "-" "PostmanRuntime/7.35.0"
2023-12-12 17:12:48 info: ::1 - - [12/Dec/2023:16:12:48 +0000] "POST /api/v1/task/createTask HTTP/1.1" 200 420 "-" "PostmanRuntime/7.35.0"
2023-12-12 17:25:04 error: 404 - route not found - /api/v1/task/getAllTask/6578867fba4049c9a5fc3a35 - GET - ::1
2023-12-12 17:25:04 info: ::1 - - [12/Dec/2023:16:25:04 +0000] "GET /api/v1/task/getAllTask/6578867fba4049c9a5fc3a35 HTTP/1.1" 404 57 "-" "PostmanRuntime/7.35.0"
2023-12-12 17:25:41 info: ::1 - - [12/Dec/2023:16:25:41 +0000] "GET /api/v1/task/6578867fba4049c9a5fc3a35 HTTP/1.1" 200 420 "-" "PostmanRuntime/7.35.0"
2023-12-12 17:30:40 info: ::1 - - [12/Dec/2023:16:30:40 +0000] "PATCH /api/v1/task/updateTask/6578867fba4049c9a5fc3a35 HTTP/1.1" 200 420 "-" "PostmanRuntime/7.35.0"
2023-12-12 17:42:03 info: ::1 - - [12/Dec/2023:16:42:03 +0000] "PATCH /api/v1/task/updateTask/6578867fba4049c9a5fc3a35 HTTP/1.1" 200 120 "-" "PostmanRuntime/7.35.0"
2023-12-12 18:13:04 error: 500 - task.save is not a function - /api/v1/task/updateTask/6578867fba4049c9a5fc3a35 - PATCH - ::1
2023-12-12 18:13:04 info: ::1 - - [12/Dec/2023:17:13:04 +0000] "PATCH /api/v1/task/updateTask/6578867fba4049c9a5fc3a35 HTTP/1.1" 500 69 "-" "PostmanRuntime/7.35.0"
2023-12-12 18:17:40 info: ::1 - - [12/Dec/2023:17:17:40 +0000] "PATCH /api/v1/task/updateTask/6578867fba4049c9a5fc3a35 HTTP/1.1" 200 391 "-" "PostmanRuntime/7.35.0"
2023-12-12 18:19:37 info: ::1 - - [12/Dec/2023:17:19:37 +0000] "POST /api/v1/task/createTask HTTP/1.1" 200 392 "-" "PostmanRuntime/7.35.0"
2023-12-12 18:20:06 info: ::1 - - [12/Dec/2023:17:20:06 +0000] "GET /api/v1/task/6578867fba4049c9a5fc3a35 HTTP/1.1" 200 391 "-" "PostmanRuntime/7.35.0"
2023-12-12 18:29:13 error: 500 - Cannot read properties of undefined (reading 'findOne') - /api/v1/task/657879e21f7217185f015b9e - GET - ::1
2023-12-12 18:29:14 info: ::1 - - [12/Dec/2023:17:29:14 +0000] "GET /api/v1/task/657879e21f7217185f015b9e HTTP/1.1" 500 97 "-" "PostmanRuntime/7.35.0"
2023-12-12 18:29:54 error: 500 - Cannot read properties of undefined (reading 'findById') - /api/v1/task/657879e21f7217185f015b9e - GET - ::1
2023-12-12 18:29:54 info: ::1 - - [12/Dec/2023:17:29:54 +0000] "GET /api/v1/task/657879e21f7217185f015b9e HTTP/1.1" 500 98 "-" "PostmanRuntime/7.35.0"
2023-12-12 18:30:54 info: ::1 - - [12/Dec/2023:17:30:54 +0000] "GET /api/v1/task/657879e21f7217185f015b9e HTTP/1.1" 200 32 "-" "PostmanRuntime/7.35.0"
2023-12-12 18:31:39 info: ::1 - - [12/Dec/2023:17:31:39 +0000] "GET /api/v1/task/657879e21f7217185f015b9e HTTP/1.1" 200 32 "-" "PostmanRuntime/7.35.0"
2023-12-12 18:32:09 info: ::1 - - [12/Dec/2023:17:32:09 +0000] "GET /api/v1/task/6578867fba4049c9a5fc3a35 HTTP/1.1" 200 391 "-" "PostmanRuntime/7.35.0"
2023-12-12 18:32:25 info: ::1 - - [12/Dec/2023:17:32:25 +0000] "GET /api/v1/task/6578867fba4049c9a5fc3a35 HTTP/1.1" 200 391 "-" "PostmanRuntime/7.35.0"
2023-12-12 18:33:27 info: ::1 - - [12/Dec/2023:17:33:26 +0000] "GET /api/v1/task/657879e21f7217185f015b9e HTTP/1.1" 200 391 "-" "PostmanRuntime/7.35.0"
2023-12-12 18:41:13 info: ::1 - - [12/Dec/2023:17:41:13 +0000] "DELETE /api/v1/task/deleteTask/6578867fba4049c9a5fc3a35 HTTP/1.1" 200 57 "-" "PostmanRuntime/7.35.0"
2023-12-12 18:42:52 info: ::1 - - [12/Dec/2023:17:42:52 +0000] "DELETE /api/v1/task/deleteTask/6578867fba4049c9a5fc3a35 HTTP/1.1" 200 57 "-" "PostmanRuntime/7.35.0"
2023-12-12 18:43:57 info: ::1 - - [12/Dec/2023:17:43:57 +0000] "DELETE /api/v1/task/deleteTask/6578867fba4049c9a5fc3a35 HTTP/1.1" 200 57 "-" "PostmanRuntime/7.35.0"
2023-12-12 18:52:07 error: 500 - Cast to ObjectId failed for value "{ userId: '657879e21f7217185f015b9e' }" (type Object) at path "_id" for model "Tasks" - /api/v1/task/addCategory/657879e21f7217185f015b9e - POST - ::1
2023-12-12 18:52:08 info: ::1 - - [12/Dec/2023:17:52:08 +0000] "POST /api/v1/task/addCategory/657879e21f7217185f015b9e HTTP/1.1" 500 168 "-" "PostmanRuntime/7.35.0"
2023-12-12 18:56:27 error: 500 - data.push is not a function - /api/v1/task/addCategory/657879e21f7217185f015b9e - POST - ::1
2023-12-12 18:56:27 info: ::1 - - [12/Dec/2023:17:56:27 +0000] "POST /api/v1/task/addCategory/657879e21f7217185f015b9e HTTP/1.1" 500 69 "-" "PostmanRuntime/7.35.0"
2023-12-13 00:25:18 info: ::1 - - [12/Dec/2023:23:25:18 +0000] "GET /api/v1/task/getAllCategory/657879e21f7217185f015b9e HTTP/1.1" 200 90 "-" "PostmanRuntime/7.35.0"
2023-12-13 00:26:23 info: ::1 - - [12/Dec/2023:23:26:23 +0000] "GET /api/v1/task/getAllCategory/657879e21f7217185f015b9e HTTP/1.1" 200 90 "-" "PostmanRuntime/7.35.0"
2023-12-13 00:27:17 error: 500 - Class constructor AppError cannot be invoked without 'new' - /api/v1/task/getAllCategory/65789629355840a54efba4ee - GET - ::1
2023-12-13 00:27:17 info: ::1 - - [12/Dec/2023:23:27:17 +0000] "GET /api/v1/task/getAllCategory/65789629355840a54efba4ee HTTP/1.1" 500 100 "-" "PostmanRuntime/7.35.0"
2023-12-13 00:31:32 error: 401 - ID does not exist - /api/v1/task/getAllCategory/65789629355840a54efba4ee - GET - ::1
2023-12-13 00:31:32 info: ::1 - - [12/Dec/2023:23:31:32 +0000] "GET /api/v1/task/getAllCategory/65789629355840a54efba4ee HTTP/1.1" 401 59 "-" "PostmanRuntime/7.35.0"
2023-12-13 00:32:21 info: ::1 - - [12/Dec/2023:23:32:21 +0000] "GET /api/v1/task/getAllCategory/657879e21f7217185f015b9e HTTP/1.1" 200 90 "-" "PostmanRuntime/7.35.0"
2023-12-13 10:36:48 error: 500 - Tasks validation failed: category.image: Category image is required - /api/v1/task/createTask - POST - ::1
2023-12-13 10:36:48 info: ::1 - - [13/Dec/2023:09:36:48 +0000] "POST /api/v1/task/createTask HTTP/1.1" 500 109 "-" "PostmanRuntime/7.35.0"
2023-12-13 10:37:05 error: 500 - E11000 duplicate key error collection: USERDB.tasks index: category.name_1 dup key: { category.name: "Study" } - /api/v1/task/createTask - POST - ::1
2023-12-13 10:37:05 info: ::1 - - [13/Dec/2023:09:37:05 +0000] "POST /api/v1/task/createTask HTTP/1.1" 500 154 "-" "PostmanRuntime/7.35.0"
2023-12-13 10:37:21 info: ::1 - - [13/Dec/2023:09:37:21 +0000] "POST /api/v1/task/createTask HTTP/1.1" 200 400 "-" "PostmanRuntime/7.35.0"
2023-12-13 10:39:02 info: ::1 - - [13/Dec/2023:09:39:02 +0000] "GET /api/v1/task/657879e21f7217185f015b9e HTTP/1.1" 200 405 "-" "PostmanRuntime/7.35.0"
2023-12-13 11:11:24 info: ::1 - - [13/Dec/2023:10:11:24 +0000] "GET /api/v1/task/657879e21f7217185f015b9e HTTP/1.1" 200 780 "-" "PostmanRuntime/7.35.0"
2023-12-13 11:13:12 info: ::1 - - [13/Dec/2023:10:13:12 +0000] "GET /api/v1/task/getAllCategory/657879e21f7217185f015b9e HTTP/1.1" 200 122 "-" "PostmanRuntime/7.35.0"
2023-12-13 11:14:34 info: ::1 - - [13/Dec/2023:10:14:34 +0000] "GET /api/v1/task/getAllCategory/657879e21f7217185f015b9e HTTP/1.1" 200 52 "-" "PostmanRuntime/7.35.0"
2023-12-13 11:15:56 info: ::1 - - [13/Dec/2023:10:15:56 +0000] "GET /api/v1/task/getAllCategory/657879e21f7217185f015b9e HTTP/1.1" 200 816 "-" "PostmanRuntime/7.35.0"
2023-12-13 11:30:29 error: 500 - Cannot read properties of undefined (reading 'map') - /api/v1/task/getAllCategory/657879e21f7217185f015b9e - GET - ::1
2023-12-13 11:30:29 info: ::1 - - [13/Dec/2023:10:30:29 +0000] "GET /api/v1/task/getAllCategory/657879e21f7217185f015b9e HTTP/1.1" 500 93 "-" "PostmanRuntime/7.35.0"
2023-12-13 11:31:12 error: 500 - Cannot read properties of undefined (reading 'map') - /api/v1/task/getAllCategory/657879e21f7217185f015b9e - GET - ::1
2023-12-13 11:31:12 info: ::1 - - [13/Dec/2023:10:31:12 +0000] "GET /api/v1/task/getAllCategory/657879e21f7217185f015b9e HTTP/1.1" 500 93 "-" "PostmanRuntime/7.35.0"
2023-12-13 12:36:40 info: ::1 - - [13/Dec/2023:11:36:40 +0000] "GET /api/v1/task/getAllCategory/657879e21f7217185f015b9e HTTP/1.1" 200 181 "-" "PostmanRuntime/7.35.0"
2023-12-13 13:05:29 error: 404 - route not found - /api/v1/task/addCategory/657879e21f7217185f015b9e - POST - ::1
2023-12-13 13:05:29 info: ::1 - - [13/Dec/2023:12:05:29 +0000] "POST /api/v1/task/addCategory/657879e21f7217185f015b9e HTTP/1.1" 404 57 "-" "PostmanRuntime/7.35.0"
2023-12-13 13:06:09 error: 500 - response.map is not a function - /api/v1/task/createCategory/657879e21f7217185f015b9e - POST - ::1
2023-12-13 13:06:09 info: ::1 - - [13/Dec/2023:12:06:09 +0000] "POST /api/v1/task/createCategory/657879e21f7217185f015b9e HTTP/1.1" 500 72 "-" "PostmanRuntime/7.35.0"
2023-12-13 13:12:14 info: ::1 - - [13/Dec/2023:12:12:14 +0000] "POST /api/v1/task/createCategory/657879e21f7217185f015b9e HTTP/1.1" 200 453 "-" "PostmanRuntime/7.35.0"
2023-12-13 13:14:10 info: ::1 - - [13/Dec/2023:12:14:10 +0000] "POST /api/v1/task/createCategory/657879e21f7217185f015b9e HTTP/1.1" 200 259 "-" "PostmanRuntime/7.35.0"
2023-12-13 13:16:05 info: ::1 - - [13/Dec/2023:12:16:05 +0000] "GET /api/v1/task/getAllCategory/657879e21f7217185f015b9e HTTP/1.1" 200 185 "-" "PostmanRuntime/7.35.0"
2023-12-13 13:20:17 info: ::1 - - [13/Dec/2023:12:20:17 +0000] "POST /api/v1/task/createTask HTTP/1.1" 200 400 "-" "PostmanRuntime/7.35.0"
2023-12-13 13:24:36 error: 500 - Cannot read properties of undefined (reading 'category') - /api/v1/task/createTask - POST - ::1
2023-12-13 13:24:36 info: ::1 - - [13/Dec/2023:12:24:36 +0000] "POST /api/v1/task/createTask HTTP/1.1" 500 98 "-" "PostmanRuntime/7.35.0"
2023-12-13 15:05:38 error: 500 - E11000 duplicate key error collection: USERDB.tasks index: title_1 dup key: { title: "Famous People Dancing" } - /api/v1/task/createTask - POST - ::1
2023-12-13 15:05:38 info: ::1 - - [13/Dec/2023:14:05:38 +0000] "POST /api/v1/task/createTask HTTP/1.1" 500 154 "-" "PostmanRuntime/7.35.0"
2023-12-13 15:05:59 error: 500 - data.map is not a function - /api/v1/task/createTask - POST - ::1
2023-12-13 15:05:59 info: ::1 - - [13/Dec/2023:14:05:59 +0000] "POST /api/v1/task/createTask HTTP/1.1" 500 68 "-" "PostmanRuntime/7.35.0"
2023-12-13 15:07:49 error: 500 - E11000 duplicate key error collection: USERDB.tasks index: title_1 dup key: { title: "Famous People Dancing" } - /api/v1/task/createTask - POST - ::1
2023-12-13 15:07:49 info: ::1 - - [13/Dec/2023:14:07:49 +0000] "POST /api/v1/task/createTask HTTP/1.1" 500 154 "-" "PostmanRuntime/7.35.0"
2023-12-13 15:08:44 error: 500 - req.body.map is not a function - /api/v1/task/createTask - POST - ::1
2023-12-13 15:08:44 info: ::1 - - [13/Dec/2023:14:08:44 +0000] "POST /api/v1/task/createTask HTTP/1.1" 500 72 "-" "PostmanRuntime/7.35.0"
2023-12-13 15:10:25 error: 500 - newData.map is not a function - /api/v1/task/createTask - POST - ::1
2023-12-13 15:10:25 info: ::1 - - [13/Dec/2023:14:10:25 +0000] "POST /api/v1/task/createTask HTTP/1.1" 500 71 "-" "PostmanRuntime/7.35.0"
2023-12-13 15:14:03 error: 500 - E11000 duplicate key error collection: USERDB.tasks index: category.name_1 dup key: { category.name: "School" } - /api/v1/task/createTask - POST - ::1
2023-12-13 15:14:03 info: ::1 - - [13/Dec/2023:14:14:03 +0000] "POST /api/v1/task/createTask HTTP/1.1" 500 155 "-" "PostmanRuntime/7.35.0"
2023-12-13 15:14:15 error: 500 - E11000 duplicate key error collection: USERDB.tasks index: category.image_1 dup key: { category.image: "study_icon.png" } - /api/v1/task/createTask - POST - ::1
2023-12-13 15:14:15 info: ::1 - - [13/Dec/2023:14:14:15 +0000] "POST /api/v1/task/createTask HTTP/1.1" 500 165 "-" "PostmanRuntime/7.35.0"
2023-12-13 15:14:25 error: 500 - Cannot read properties of undefined (reading 'category') - /api/v1/task/createTask - POST - ::1
2023-12-13 15:14:25 info: ::1 - - [13/Dec/2023:14:14:25 +0000] "POST /api/v1/task/createTask HTTP/1.1" 500 98 "-" "PostmanRuntime/7.35.0"
2023-12-16 04:08:59 info: ::1 - - [16/Dec/2023:03:08:59 +0000] "GET /api/v1/task/getAllCategory/657879e21f7217185f015b9e HTTP/1.1" 200 149 "-" "PostmanRuntime/7.36.0"
2023-12-16 04:10:16 info: ::1 - - [16/Dec/2023:03:10:16 +0000] "GET /api/v1/task/657879e21f7217185f015b9e HTTP/1.1" 200 765 "-" "PostmanRuntime/7.36.0"
2023-12-16 04:12:18 error: 500 - Cannot read properties of undefined (reading 'push') - /api/v1/task/createCategory/657879e21f7217185f015b9e - POST - ::1
2023-12-16 04:12:18 info: ::1 - - [16/Dec/2023:03:12:18 +0000] "POST /api/v1/task/createCategory/657879e21f7217185f015b9e HTTP/1.1" 500 94 "-" "PostmanRuntime/7.36.0"
2023-12-16 04:14:42 info: ::1 - - [16/Dec/2023:03:14:42 +0000] "POST /api/v1/task/createCategory/657879e21f7217185f015b9e HTTP/1.1" 200 264 "-" "PostmanRuntime/7.36.0"
2023-12-16 19:03:39 error: 404 - route not found - /api/v1/task/createCategory/657879e21f7217185f015b9e - POST - ::1
2023-12-16 19:03:39 info: ::1 - - [16/Dec/2023:18:03:39 +0000] "POST /api/v1/task/createCategory/657879e21f7217185f015b9e HTTP/1.1" 404 57 "-" "PostmanRuntime/7.36.0"
2023-12-16 19:04:02 info: ::1 - - [16/Dec/2023:18:04:02 +0000] "POST /api/v1/task/createCategory HTTP/1.1" 200 282 "-" "PostmanRuntime/7.36.0"
2023-12-16 19:06:31 error: 500 - Tasks validation failed: categorId: Task must have a Category - /api/v1/task/createTask - POST - ::1
2023-12-16 19:06:31 info: ::1 - - [16/Dec/2023:18:06:31 +0000] "POST /api/v1/task/createTask HTTP/1.1" 500 103 "-" "PostmanRuntime/7.36.0"
2023-12-16 19:07:12 info: ::1 - - [16/Dec/2023:18:07:12 +0000] "POST /api/v1/task/createTask HTTP/1.1" 200 353 "-" "PostmanRuntime/7.36.0"
2023-12-16 19:08:43 info: ::1 - - [16/Dec/2023:18:08:43 +0000] "POST /api/v1/task/createCategory HTTP/1.1" 200 282 "-" "PostmanRuntime/7.36.0"
2023-12-16 19:09:38 info: ::1 - - [16/Dec/2023:18:09:38 +0000] "GET /api/v1/task/getAllCategory/657879e21f7217185f015b9e HTTP/1.1" 200 451 "-" "PostmanRuntime/7.36.0"
2023-12-16 19:13:10 info: ::1 - - [16/Dec/2023:18:13:10 +0000] "DELETE /api/v1/task/deleteTask/657de750b5147b73f364d7cc HTTP/1.1" 200 57 "-" "PostmanRuntime/7.36.0"
2023-12-16 19:13:48 info: ::1 - - [16/Dec/2023:18:13:48 +0000] "DELETE /api/v1/task/deleteTask/657de750b5147b73f364d7cc HTTP/1.1" 200 57 "-" "PostmanRuntime/7.36.0"
2023-12-16 19:40:02 info: ::1 - - [16/Dec/2023:18:40:02 +0000] "POST /api/v1/task/createTask HTTP/1.1" 200 353 "-" "PostmanRuntime/7.36.0"
2023-12-16 20:14:20 info: ::1 - - [16/Dec/2023:19:14:20 +0000] "GET /api/v1/task/getCompletedTask/657879e21f7217185f015b9e HTTP/1.1" 200 129 "-" "PostmanRuntime/7.36.0"
2023-12-16 20:20:56 error: 500 - E11000 duplicate key error collection: USERDB.tasks index: category.name_1 dup key: { category.name: null } - /api/v1/task/createTask - POST - ::1
2023-12-16 20:20:56 info: ::1 - - [16/Dec/2023:19:20:56 +0000] "POST /api/v1/task/createTask HTTP/1.1" 500 149 "-" "PostmanRuntime/7.36.0"
2023-12-16 20:23:12 error: 500 - Operation `users.findOne()` buffering timed out after 10000ms - /api/v1/task/createTask - POST - ::1
2023-12-16 20:23:12 info: ::1 - - [16/Dec/2023:19:23:12 +0000] "POST /api/v1/task/createTask HTTP/1.1" 500 103 "-" "PostmanRuntime/7.36.0"
2023-12-16 20:23:28 error: 500 - Operation `users.findOne()` buffering timed out after 10000ms - /api/v1/task/createTask - POST - ::1
2023-12-16 20:23:28 info: ::1 - - [16/Dec/2023:19:23:28 +0000] "POST /api/v1/task/createTask HTTP/1.1" 500 103 "-" "PostmanRuntime/7.36.0"
2023-12-16 20:24:04 error: 500 - E11000 duplicate key error collection: USERDB.tasks index: category.name_1 dup key: { category.name: null } - /api/v1/task/createTask - POST - ::1
2023-12-16 20:24:04 info: ::1 - - [16/Dec/2023:19:24:04 +0000] "POST /api/v1/task/createTask HTTP/1.1" 500 149 "-" "PostmanRuntime/7.36.0"
2023-12-16 20:24:44 error: 500 - Operation `users.findOne()` buffering timed out after 10000ms - /api/v1/task/createTask - POST - ::1
2023-12-16 20:24:44 info: ::1 - - [16/Dec/2023:19:24:44 +0000] "POST /api/v1/task/createTask HTTP/1.1" 500 103 "-" "PostmanRuntime/7.36.0"
2023-12-16 20:30:40 error: 500 - Cast to ObjectId failed for value "{ userId: '657879e21f7217185f015b9e', completed: false }" (type Object) at path "_id" for model "Tasks" - /api/v1/task/getCompletedTask/657879e21f7217185f015b9e?sortBy=title - GET - ::1
2023-12-16 20:30:40 info: ::1 - - [16/Dec/2023:19:30:40 +0000] "GET /api/v1/task/getCompletedTask/657879e21f7217185f015b9e?sortBy=title HTTP/1.1" 500 186 "-" "PostmanRuntime/7.36.0"
2023-12-17 00:16:13 info: ::1 - - [16/Dec/2023:23:16:13 +0000] "GET /api/v1/task/getCompletedTask/657879e21f7217185f015b9e?sortBy=title HTTP/1.1" 200 397 "-" "PostmanRuntime/7.36.0"
2023-12-17 00:18:24 info: ::1 - - [16/Dec/2023:23:18:24 +0000] "GET /api/v1/task/getCompletedTask/657879e21f7217185f015b9e HTTP/1.1" 200 397 "-" "PostmanRuntime/7.36.0"
2023-12-17 00:18:39 error: 500 - E11000 duplicate key error collection: USERDB.tasks index: category.name_1 dup key: { category.name: null } - /api/v1/task/createTask - POST - ::1
2023-12-17 00:18:39 info: ::1 - - [16/Dec/2023:23:18:39 +0000] "POST /api/v1/task/createTask HTTP/1.1" 500 149 "-" "PostmanRuntime/7.36.0"
2023-12-17 00:21:14 error: 500 - Operation `users.findOne()` buffering timed out after 10000ms - /api/v1/task/createTask - POST - ::1
2023-12-17 00:21:14 info: ::1 - - [16/Dec/2023:23:21:14 +0000] "POST /api/v1/task/createTask HTTP/1.1" 500 103 "-" "PostmanRuntime/7.36.0"
2023-12-17 00:21:20 error: 500 - E11000 duplicate key error collection: USERDB.tasks index: category.name_1 dup key: { category.name: null } - /api/v1/task/createTask - POST - ::1
2023-12-17 00:21:20 info: ::1 - - [16/Dec/2023:23:21:20 +0000] "POST /api/v1/task/createTask HTTP/1.1" 500 149 "-" "PostmanRuntime/7.36.0"
2023-12-17 00:23:34 info: ::1 - - [16/Dec/2023:23:23:34 +0000] "POST /api/v1/task/createTask HTTP/1.1" 200 349 "-" "PostmanRuntime/7.36.0"
2023-12-17 00:24:13 error: 500 - E11000 duplicate key error collection: USERDB.tasks index: category.name_1 dup key: { category.name: null } - /api/v1/task/createTask - POST - ::1
2023-12-17 00:24:13 info: ::1 - - [16/Dec/2023:23:24:13 +0000] "POST /api/v1/task/createTask HTTP/1.1" 500 149 "-" "PostmanRuntime/7.36.0"
2023-12-17 00:25:10 info: ::1 - - [16/Dec/2023:23:25:10 +0000] "POST /api/v1/task/createCategory HTTP/1.1" 200 281 "-" "PostmanRuntime/7.36.0"
2023-12-17 00:26:02 info: ::1 - - [16/Dec/2023:23:26:02 +0000] "POST /api/v1/task/createTask HTTP/1.1" 200 349 "-" "PostmanRuntime/7.36.0"
2023-12-17 00:26:52 error: 500 - E11000 duplicate key error collection: USERDB.tasks index: category.name_1 dup key: { category.name: null } - /api/v1/task/createTask - POST - ::1
2023-12-17 00:26:52 info: ::1 - - [16/Dec/2023:23:26:52 +0000] "POST /api/v1/task/createTask HTTP/1.1" 500 149 "-" "PostmanRuntime/7.36.0"
2023-12-18 19:07:17 error: 500 - E11000 duplicate key error collection: USERDB.tasks index: category.name_1 dup key: { category.name: null } - /api/v1/task/createTask - POST - ::1
2023-12-18 19:07:17 info: ::1 - - [18/Dec/2023:18:07:17 +0000] "POST /api/v1/task/createTask HTTP/1.1" 500 149 "-" "PostmanRuntime/7.36.0"
2023-12-18 19:08:17 error: 500 - E11000 duplicate key error collection: USERDB.tasks index: category.name_1 dup key: { category.name: null } - /api/v1/task/createTask - POST - ::1
2023-12-18 19:08:17 info: ::1 - - [18/Dec/2023:18:08:17 +0000] "POST /api/v1/task/createTask HTTP/1.1" 500 149 "-" "PostmanRuntime/7.36.0"
2023-12-18 19:09:23 info: ::1 - - [18/Dec/2023:18:09:23 +0000] "GET /api/v1/task/getAllCategory/657879e21f7217185f015b9e HTTP/1.1" 200 241 "-" "PostmanRuntime/7.36.0"
2023-12-18 19:10:15 error: 500 - E11000 duplicate key error collection: USERDB.tasks index: category.name_1 dup key: { category.name: null } - /api/v1/task/createTask - POST - ::1
2023-12-18 19:10:15 info: ::1 - - [18/Dec/2023:18:10:15 +0000] "POST /api/v1/task/createTask HTTP/1.1" 500 149 "-" "PostmanRuntime/7.36.0"
2023-12-18 19:17:02 error: 500 - E11000 duplicate key error collection: USERDB.tasks index: category.name_1 dup key: { category.name: null } - /api/v1/task/createTask - POST - ::1
2023-12-18 19:17:02 info: ::1 - - [18/Dec/2023:18:17:02 +0000] "POST /api/v1/task/createTask HTTP/1.1" 500 149 "-" "PostmanRuntime/7.36.0"
2023-12-23 15:23:31 error: 401 - You are not logged in! Please login to get access - /api/v1/task/createTask - POST - ::1
2023-12-23 15:23:31 info: ::1 - - [23/Dec/2023:14:23:31 +0000] "POST /api/v1/task/createTask HTTP/1.1" 401 91 "-" "PostmanRuntime/7.36.0"
2023-12-23 15:25:01 info: ::1 - - [23/Dec/2023:14:25:01 +0000] "POST /api/v1/auth/login HTTP/1.1" 201 386 "-" "PostmanRuntime/7.36.0"
2023-12-23 15:33:17 error: 500 - E11000 duplicate key error collection: USERDB.tasks index: category.name_1 dup key: { category.name: null } - /api/v1/task/createTask - POST - ::1
2023-12-23 15:33:17 info: ::1 - - [23/Dec/2023:14:33:17 +0000] "POST /api/v1/task/createTask HTTP/1.1" 500 149 "-" "PostmanRuntime/7.36.0"
2023-12-23 16:26:37 error: 204 - No uncompleted tasks found for your filters - /api/v1/task/getCompletedTask/657879e21f7217185f015b9e - GET - ::1
2023-12-23 16:26:37 info: ::1 - - [23/Dec/2023:15:26:37 +0000] "GET /api/v1/task/getCompletedTask/657879e21f7217185f015b9e HTTP/1.1" 204 - "-" "PostmanRuntime/7.36.0"
2023-12-23 16:27:47 error: 204 - No uncompleted tasks found for your filters - /api/v1/task/getCompletedTask/657879e21f7217185f015b9e - GET - ::1
2023-12-23 16:27:47 info: ::1 - - [23/Dec/2023:15:27:47 +0000] "GET /api/v1/task/getCompletedTask/657879e21f7217185f015b9e HTTP/1.1" 204 - "-" "PostmanRuntime/7.36.0"
2023-12-23 16:31:03 error: 204 - No completed tasks found for your filters - /api/v1/task/getCompletedTask/657879e21f7217185f015b9e - GET - ::1
2023-12-23 16:31:03 info: ::1 - - [23/Dec/2023:15:31:03 +0000] "GET /api/v1/task/getCompletedTask/657879e21f7217185f015b9e HTTP/1.1" 204 - "-" "PostmanRuntime/7.36.0"
2023-12-23 16:33:23 error: 204 - No completed tasks found for your filters - /api/v1/task/getCompletedTask/657879e21f7217185f015b9e - GET - ::1
2023-12-23 16:33:24 info: ::1 - - [23/Dec/2023:15:33:24 +0000] "GET /api/v1/task/getCompletedTask/657879e21f7217185f015b9e HTTP/1.1" 204 - "-" "PostmanRuntime/7.36.0"
2023-12-23 16:34:33 error: 401 - No completed tasks found for your filters - /api/v1/task/getCompletedTask/657879e21f7217185f015b9e - GET - ::1
2023-12-23 16:34:33 info: ::1 - - [23/Dec/2023:15:34:33 +0000] "GET /api/v1/task/getCompletedTask/657879e21f7217185f015b9e HTTP/1.1" 401 83 "-" "PostmanRuntime/7.36.0"
2023-12-23 17:20:52 error: 404 - No completed tasks found for your filters - /api/v1/task/completedTask/657879e21f7217185f015b9e - GET - ::1
2023-12-23 17:20:52 info: ::1 - - [23/Dec/2023:16:20:52 +0000] "GET /api/v1/task/completedTask/657879e21f7217185f015b9e HTTP/1.1" 404 83 "-" "PostmanRuntime/7.36.0"
2023-12-23 17:21:06 error: 500 - id is not defined - /api/v1/task/uncompletedTask/657879e21f7217185f015b9e - GET - ::1
2023-12-23 17:21:06 info: ::1 - - [23/Dec/2023:16:21:06 +0000] "GET /api/v1/task/uncompletedTask/657879e21f7217185f015b9e HTTP/1.1" 500 59 "-" "PostmanRuntime/7.36.0"
2023-12-23 17:22:28 error: 500 - id is not defined - /api/v1/task/uncompletedTask/657879e21f7217185f015b9e - GET - ::1
2023-12-23 17:22:28 info: ::1 - - [23/Dec/2023:16:22:28 +0000] "GET /api/v1/task/uncompletedTask/657879e21f7217185f015b9e HTTP/1.1" 500 59 "-" "PostmanRuntime/7.36.0"
2023-12-23 17:23:25 info: ::1 - - [23/Dec/2023:16:23:25 +0000] "GET /api/v1/task/uncompletedTask/657879e21f7217185f015b9e HTTP/1.1" 200 392 "-" "PostmanRuntime/7.36.0"
2023-12-31 17:12:58 error: 401 - You are not logged in! Please login to get access - /api/v1/user/updatePassword - PUT - ::1
2023-12-31 17:12:58 info: ::1 - - [31/Dec/2023:16:12:58 +0000] "PUT /api/v1/user/updatePassword HTTP/1.1" 401 91 "-" "PostmanRuntime/7.36.0"
2023-12-31 17:13:30 info: ::1 - - [31/Dec/2023:16:13:30 +0000] "POST /api/v1/auth/login HTTP/1.1" 201 386 "-" "PostmanRuntime/7.36.0"
2023-12-31 17:14:05 error: 404 - route not found - /api/v1/user/updatePassword - PUT - ::1
2023-12-31 17:14:05 info: ::1 - - [31/Dec/2023:16:14:05 +0000] "PUT /api/v1/user/updatePassword HTTP/1.1" 404 57 "-" "PostmanRuntime/7.36.0"
2023-12-31 17:15:21 error: 500 - UserModel.correctPassword is not a function - /api/v1/user/updatePassword - PUT - ::1
2023-12-31 17:15:22 info: ::1 - - [31/Dec/2023:16:15:22 +0000] "PUT /api/v1/user/updatePassword HTTP/1.1" 500 85 "-" "PostmanRuntime/7.36.0"
2023-12-31 17:16:12 error: 500 - UserModel.correctPassword is not a function - /api/v1/user/updatePassword - PUT - ::1
2023-12-31 17:16:12 info: ::1 - - [31/Dec/2023:16:16:12 +0000] "PUT /api/v1/user/updatePassword HTTP/1.1" 500 85 "-" "PostmanRuntime/7.36.0"
2023-12-31 17:17:20 error: 500 - next is not defined - /api/v1/user/updatePassword - PUT - ::1
2023-12-31 17:17:21 info: ::1 - - [31/Dec/2023:16:17:21 +0000] "PUT /api/v1/user/updatePassword HTTP/1.1" 500 61 "-" "PostmanRuntime/7.36.0"
2023-12-31 17:18:03 error: 401 - Something went wrong - /api/v1/user/updatePassword - PUT - ::1
2023-12-31 17:18:03 info: ::1 - - [31/Dec/2023:16:18:03 +0000] "PUT /api/v1/user/updatePassword HTTP/1.1" 401 62 "-" "PostmanRuntime/7.36.0"
2023-12-31 19:02:34 error: 401 - Something went wrong - /api/v1/user/updatePassword - PUT - ::1
2023-12-31 19:02:34 info: ::1 - - [31/Dec/2023:18:02:34 +0000] "PUT /api/v1/user/updatePassword HTTP/1.1" 401 62 "-" "PostmanRuntime/7.36.0"
2023-12-31 19:08:09 error: 500 - Cannot read properties of null (reading 'correctPassword') - /api/v1/user/updatePassword/:id?id=657879e21f7217185f015b9e - PUT - ::1
2023-12-31 19:08:09 info: ::1 - - [31/Dec/2023:18:08:09 +0000] "PUT /api/v1/user/updatePassword/:id?id=657879e21f7217185f015b9e HTTP/1.1" 500 100 "-" "PostmanRuntime/7.36.0"
2023-12-31 19:15:31 error: 401 - please check your password and try again - /api/v1/user/updatePassword - PUT - ::1
2023-12-31 19:15:31 info: ::1 - - [31/Dec/2023:18:15:31 +0000] "PUT /api/v1/user/updatePassword HTTP/1.1" 401 82 "-" "PostmanRuntime/7.36.0"
2023-12-31 19:16:29 error: 401 - please check your password and try again - /api/v1/user/updatePassword - PUT - ::1
2023-12-31 19:16:29 info: ::1 - - [31/Dec/2023:18:16:29 +0000] "PUT /api/v1/user/updatePassword HTTP/1.1" 401 82 "-" "PostmanRuntime/7.36.0"
2023-12-31 19:47:16 error: 401 - your current password is wrong - /api/v1/user/updatePassword - PUT - ::1
2023-12-31 19:47:16 info: ::1 - - [31/Dec/2023:18:47:16 +0000] "PUT /api/v1/user/updatePassword HTTP/1.1" 401 72 "-" "PostmanRuntime/7.36.0"
2023-12-31 19:47:40 info: ::1 - - [31/Dec/2023:18:47:40 +0000] "PUT /api/v1/user/updatePassword HTTP/1.1" 201 386 "-" "PostmanRuntime/7.36.0"
